<?xml version="1.0" encoding="UTF-8"?>
<!-- Generated by org.testng.reporters.JUnitReportReporter -->
<testsuite hostname="LAPTOP-7A0448U0" failures="0" tests="1" name="com.testing.TestRedBus" time="12.918" errors="0" timestamp="2020-08-27T21:50:36 BST" skipped="0">
  <testcase classname="com.testing.TestRedBus" name="browserInvoke" time="12.918"/>
  <system-out/>
</testsuite> <!-- com.testing.TestRedBus -->
